2024-07-08 00:00:37.393 +04:00  INF  Request starting HTTP/2 GET https://localhost:7095/api/admin/Account/GetUserByUsername?username=a - -
2024-07-08 00:00:37.401 +04:00  INF  Authorization failed. These requirements were not met:
DenyAnonymousAuthorizationRequirement: Requires an authenticated user.
2024-07-08 00:00:37.402 +04:00  INF  AuthenticationScheme: Bearer was challenged.
2024-07-08 00:00:37.402 +04:00  INF  Request finished HTTP/2 GET https://localhost:7095/api/admin/Account/GetUserByUsername?username=a - - - 401 0 - 8.3246ms
2024-07-08 00:01:33.556 +04:00  INF  Request starting HTTP/2 POST https://localhost:7095/api/Account/SignIn application/json 66
2024-07-08 00:01:33.561 +04:00  INF  Executing endpoint 'App.Controllers.UI.AccountController.SignIn (App)'
2024-07-08 00:01:33.566 +04:00  INF  Route matched with {action = "SignIn", controller = "Account"}. Executing controller action with signature System.Threading.Tasks.Task`1[Microsoft.AspNetCore.Mvc.IActionResult] SignIn(Service.DTOs.Account.LoginDto) on controller App.Controllers.UI.AccountController (App).
2024-07-08 00:01:33.635 +04:00  INF  Entity Framework Core 6.0.31 initialized 'AppDbContext' using provider 'Microsoft.EntityFrameworkCore.SqlServer:6.0.31' with options: None
2024-07-08 00:01:33.638 +04:00  INF  Executed DbCommand (1ms) [Parameters=[@__normalizedEmail_0='?' (Size = 256)], CommandType='"Text"', CommandTimeout='30']
SELECT TOP(2) [a].[Id], [a].[AccessFailedCount], [a].[ConcurrencyStamp], [a].[Email], [a].[EmailConfirmed], [a].[FullName], [a].[LockoutEnabled], [a].[LockoutEnd], [a].[NormalizedEmail], [a].[NormalizedUserName], [a].[PasswordHash], [a].[PhoneNumber], [a].[PhoneNumberConfirmed], [a].[SecurityStamp], [a].[TwoFactorEnabled], [a].[UserName]
FROM [AspNetUsers] AS [a]
WHERE [a].[NormalizedEmail] = @__normalizedEmail_0
2024-07-08 00:01:33.639 +04:00  INF  Executed DbCommand (1ms) [Parameters=[@__normalizedUserName_0='?' (Size = 256)], CommandType='"Text"', CommandTimeout='30']
SELECT TOP(1) [a].[Id], [a].[AccessFailedCount], [a].[ConcurrencyStamp], [a].[Email], [a].[EmailConfirmed], [a].[FullName], [a].[LockoutEnabled], [a].[LockoutEnd], [a].[NormalizedEmail], [a].[NormalizedUserName], [a].[PasswordHash], [a].[PhoneNumber], [a].[PhoneNumberConfirmed], [a].[SecurityStamp], [a].[TwoFactorEnabled], [a].[UserName]
FROM [AspNetUsers] AS [a]
WHERE [a].[NormalizedUserName] = @__normalizedUserName_0
2024-07-08 00:01:33.744 +04:00  INF  Executed DbCommand (1ms) [Parameters=[@__userId_0='?' (Size = 450)], CommandType='"Text"', CommandTimeout='30']
SELECT [a0].[Name]
FROM [AspNetUserRoles] AS [a]
INNER JOIN [AspNetRoles] AS [a0] ON [a].[RoleId] = [a0].[Id]
WHERE [a].[UserId] = @__userId_0
2024-07-08 00:01:33.869 +04:00  INF  Executing OkObjectResult, writing value of type 'Service.Helpers.Account.LoginResponse'.
2024-07-08 00:01:33.873 +04:00  INF  Executed action App.Controllers.UI.AccountController.SignIn (App) in 307.304ms
2024-07-08 00:01:33.873 +04:00  INF  Executed endpoint 'App.Controllers.UI.AccountController.SignIn (App)'
2024-07-08 00:01:33.874 +04:00  INF  Request finished HTTP/2 POST https://localhost:7095/api/Account/SignIn application/json 66 - 200 - application/json;+charset=utf-8 317.6639ms
2024-07-08 00:01:40.196 +04:00  INF  Request starting HTTP/2 GET https://localhost:7095/api/admin/Account/GetAllUsers - -
2024-07-08 00:01:40.196 +04:00  INF  Authorization failed. These requirements were not met:
DenyAnonymousAuthorizationRequirement: Requires an authenticated user.
2024-07-08 00:01:40.197 +04:00  INF  AuthenticationScheme: Bearer was challenged.
2024-07-08 00:01:40.197 +04:00  INF  Request finished HTTP/2 GET https://localhost:7095/api/admin/Account/GetAllUsers - - - 401 0 - 1.2913ms
2024-07-08 00:01:41.229 +04:00  INF  Request starting HTTP/2 GET https://localhost:7095/api/admin/Account/GetAllUsers - -
2024-07-08 00:01:41.229 +04:00  INF  Authorization failed. These requirements were not met:
DenyAnonymousAuthorizationRequirement: Requires an authenticated user.
2024-07-08 00:01:41.229 +04:00  INF  AuthenticationScheme: Bearer was challenged.
2024-07-08 00:01:41.230 +04:00  INF  Request finished HTTP/2 GET https://localhost:7095/api/admin/Account/GetAllUsers - - - 401 0 - 0.5435ms
2024-07-08 00:01:41.857 +04:00  INF  Request starting HTTP/2 GET https://localhost:7095/api/admin/Account/GetAllUsers - -
2024-07-08 00:01:41.858 +04:00  INF  Authorization failed. These requirements were not met:
DenyAnonymousAuthorizationRequirement: Requires an authenticated user.
2024-07-08 00:01:41.858 +04:00  INF  AuthenticationScheme: Bearer was challenged.
2024-07-08 00:01:41.858 +04:00  INF  Request finished HTTP/2 GET https://localhost:7095/api/admin/Account/GetAllUsers - - - 401 0 - 1.1004ms
2024-07-08 00:01:57.439 +04:00  INF  Request starting HTTP/2 GET https://localhost:7095/swagger/index.html - -
2024-07-08 00:01:57.443 +04:00  INF  Request finished HTTP/2 GET https://localhost:7095/swagger/index.html - - - 200 - text/html;charset=utf-8 3.7013ms
2024-07-08 00:01:57.473 +04:00  INF  Request starting HTTP/2 GET https://localhost:7095/_vs/browserLink - -
2024-07-08 00:01:57.474 +04:00  INF  Request starting HTTP/2 GET https://localhost:7095/_framework/aspnetcore-browser-refresh.js - -
2024-07-08 00:01:57.475 +04:00  INF  Request finished HTTP/2 GET https://localhost:7095/_framework/aspnetcore-browser-refresh.js - - - 200 12338 application/javascript;+charset=utf-8 0.1827ms
2024-07-08 00:01:57.476 +04:00  INF  Request finished HTTP/2 GET https://localhost:7095/_vs/browserLink - - - 200 - text/javascript;+charset=UTF-8 2.7626ms
2024-07-08 00:01:57.576 +04:00  INF  Request starting HTTP/2 GET https://localhost:7095/swagger/v1/swagger.json - -
2024-07-08 00:01:57.581 +04:00  INF  Request finished HTTP/2 GET https://localhost:7095/swagger/v1/swagger.json - - - 200 - application/json;charset=utf-8 4.5832ms
2024-07-08 00:02:01.414 +04:00  INF  Request starting HTTP/2 GET https://localhost:7095/api/admin/Account/GetAllUsers - -
2024-07-08 00:02:01.415 +04:00  INF  Authorization failed. These requirements were not met:
DenyAnonymousAuthorizationRequirement: Requires an authenticated user.
2024-07-08 00:02:01.415 +04:00  INF  AuthenticationScheme: Bearer was challenged.
2024-07-08 00:02:01.415 +04:00  INF  Request finished HTTP/2 GET https://localhost:7095/api/admin/Account/GetAllUsers - - - 401 0 - 0.3919ms
2024-07-08 00:03:52.364 +04:00  INF  Request starting HTTP/2 POST https://localhost:7095/api/admin/Author/Create application/json 68
2024-07-08 00:03:52.364 +04:00  INF  Executing endpoint 'App.Controllers.Admin.AuthorController.Create (App)'
2024-07-08 00:03:52.367 +04:00  INF  Route matched with {action = "Create", controller = "Author"}. Executing controller action with signature System.Threading.Tasks.Task`1[Microsoft.AspNetCore.Mvc.IActionResult] Create(Service.DTOs.Admin.Authors.AuthorCreateDto) on controller App.Controllers.Admin.AuthorController (App).
2024-07-08 00:03:52.376 +04:00  INF  Entity Framework Core 6.0.31 initialized 'AppDbContext' using provider 'Microsoft.EntityFrameworkCore.SqlServer:6.0.31' with options: None
2024-07-08 00:03:52.403 +04:00  INF  Executed DbCommand (2ms) [Parameters=[@__name_0='?' (Size = 50)], CommandType='"Text"', CommandTimeout='30']
SELECT CASE
    WHEN EXISTS (
        SELECT 1
        FROM [Books] AS [b]
        WHERE [b].[Name] = @__name_0) THEN CAST(1 AS bit)
    ELSE CAST(0 AS bit)
END
2024-07-08 00:03:52.450 +04:00  INF  Executed DbCommand (2ms) [Parameters=[@p0='?' (DbType = Int32), @p1='?' (Size = 40), @p2='?' (DbType = DateTime2), @p3='?' (Size = 50), @p4='?' (DbType = Boolean)], CommandType='"Text"', CommandTimeout='30']
SET NOCOUNT ON;
INSERT INTO [Authors] ([Age], [Country], [CreatedDate], [FullName], [SoftDelete])
VALUES (@p0, @p1, @p2, @p3, @p4);
SELECT [Id]
FROM [Authors]
WHERE @@ROWCOUNT = 1 AND [Id] = scope_identity();
2024-07-08 00:03:52.468 +04:00  INF  Executing CreatedAtActionResult, writing value of type '<>f__AnonymousType0`1[[System.String, System.Private.CoreLib, Version=6.0.0.0, Culture=neutral, PublicKeyToken=7cec85d7bea7798e]]'.
2024-07-08 00:03:52.487 +04:00  INF  Executed action App.Controllers.Admin.AuthorController.Create (App) in 120.0573ms
2024-07-08 00:03:52.487 +04:00  INF  Executed endpoint 'App.Controllers.Admin.AuthorController.Create (App)'
2024-07-08 00:03:52.487 +04:00  INF  Request finished HTTP/2 POST https://localhost:7095/api/admin/Author/Create application/json 68 - 201 - application/json;+charset=utf-8 123.1981ms
2024-07-08 00:04:15.301 +04:00  INF  Request starting HTTP/2 POST https://localhost:7095/api/admin/Author/Create application/json 72
2024-07-08 00:04:15.303 +04:00  INF  Executing endpoint 'App.Controllers.Admin.AuthorController.Create (App)'
2024-07-08 00:04:15.303 +04:00  INF  Route matched with {action = "Create", controller = "Author"}. Executing controller action with signature System.Threading.Tasks.Task`1[Microsoft.AspNetCore.Mvc.IActionResult] Create(Service.DTOs.Admin.Authors.AuthorCreateDto) on controller App.Controllers.Admin.AuthorController (App).
2024-07-08 00:04:15.304 +04:00  INF  Entity Framework Core 6.0.31 initialized 'AppDbContext' using provider 'Microsoft.EntityFrameworkCore.SqlServer:6.0.31' with options: None
2024-07-08 00:04:15.306 +04:00  INF  Executing BadRequestObjectResult, writing value of type 'Microsoft.AspNetCore.Mvc.ValidationProblemDetails'.
2024-07-08 00:04:15.307 +04:00  INF  Executed action App.Controllers.Admin.AuthorController.Create (App) in 4.2789ms
2024-07-08 00:04:15.307 +04:00  INF  Executed endpoint 'App.Controllers.Admin.AuthorController.Create (App)'
2024-07-08 00:04:15.308 +04:00  INF  Request finished HTTP/2 POST https://localhost:7095/api/admin/Author/Create application/json 72 - 400 - application/problem+json;+charset=utf-8 6.4159ms
2024-07-08 00:04:47.754 +04:00  INF  Request starting HTTP/2 POST https://localhost:7095/api/admin/Author/Create application/json 71
2024-07-08 00:04:47.754 +04:00  INF  Executing endpoint 'App.Controllers.Admin.AuthorController.Create (App)'
2024-07-08 00:04:47.754 +04:00  INF  Route matched with {action = "Create", controller = "Author"}. Executing controller action with signature System.Threading.Tasks.Task`1[Microsoft.AspNetCore.Mvc.IActionResult] Create(Service.DTOs.Admin.Authors.AuthorCreateDto) on controller App.Controllers.Admin.AuthorController (App).
2024-07-08 00:04:47.757 +04:00  INF  Entity Framework Core 6.0.31 initialized 'AppDbContext' using provider 'Microsoft.EntityFrameworkCore.SqlServer:6.0.31' with options: None
2024-07-08 00:04:47.764 +04:00  INF  Executed DbCommand (2ms) [Parameters=[@__name_0='?' (Size = 50)], CommandType='"Text"', CommandTimeout='30']
SELECT CASE
    WHEN EXISTS (
        SELECT 1
        FROM [Books] AS [b]
        WHERE [b].[Name] = @__name_0) THEN CAST(1 AS bit)
    ELSE CAST(0 AS bit)
END
2024-07-08 00:04:47.767 +04:00  INF  Executed DbCommand (1ms) [Parameters=[@p0='?' (DbType = Int32), @p1='?' (Size = 40), @p2='?' (DbType = DateTime2), @p3='?' (Size = 50), @p4='?' (DbType = Boolean)], CommandType='"Text"', CommandTimeout='30']
SET NOCOUNT ON;
INSERT INTO [Authors] ([Age], [Country], [CreatedDate], [FullName], [SoftDelete])
VALUES (@p0, @p1, @p2, @p3, @p4);
SELECT [Id]
FROM [Authors]
WHERE @@ROWCOUNT = 1 AND [Id] = scope_identity();
2024-07-08 00:04:47.770 +04:00  INF  Executing CreatedAtActionResult, writing value of type '<>f__AnonymousType0`1[[System.String, System.Private.CoreLib, Version=6.0.0.0, Culture=neutral, PublicKeyToken=7cec85d7bea7798e]]'.
2024-07-08 00:04:47.770 +04:00  INF  Executed action App.Controllers.Admin.AuthorController.Create (App) in 16.1221ms
2024-07-08 00:04:47.770 +04:00  INF  Executed endpoint 'App.Controllers.Admin.AuthorController.Create (App)'
2024-07-08 00:04:47.770 +04:00  INF  Request finished HTTP/2 POST https://localhost:7095/api/admin/Author/Create application/json 71 - 201 - application/json;+charset=utf-8 16.6704ms
2024-07-08 00:04:56.000 +04:00  INF  Request starting HTTP/2 GET https://localhost:7095/api/admin/Author/GetAll - -
2024-07-08 00:04:56.000 +04:00  INF  Executing endpoint 'App.Controllers.Admin.AuthorController.GetAll (App)'
2024-07-08 00:04:56.003 +04:00  INF  Route matched with {action = "GetAll", controller = "Author"}. Executing controller action with signature System.Threading.Tasks.Task`1[Microsoft.AspNetCore.Mvc.IActionResult] GetAll() on controller App.Controllers.Admin.AuthorController (App).
2024-07-08 00:04:56.004 +04:00  INF  Entity Framework Core 6.0.31 initialized 'AppDbContext' using provider 'Microsoft.EntityFrameworkCore.SqlServer:6.0.31' with options: None
2024-07-08 00:04:56.015 +04:00  INF  Executed DbCommand (1ms) [Parameters=[], CommandType='"Text"', CommandTimeout='30']
SELECT [a].[Id], [a].[Age], [a].[Country], [a].[CreatedDate], [a].[FullName], [a].[SoftDelete]
FROM [Authors] AS [a]
2024-07-08 00:04:56.023 +04:00  INF  Executing OkObjectResult, writing value of type 'System.Collections.Generic.List`1[[Service.DTOs.Admin.Authors.AuthorDto, Service, Version=1.0.0.0, Culture=neutral, PublicKeyToken=null]]'.
2024-07-08 00:04:56.025 +04:00  INF  Executed action App.Controllers.Admin.AuthorController.GetAll (App) in 21.6998ms
2024-07-08 00:04:56.025 +04:00  INF  Executed endpoint 'App.Controllers.Admin.AuthorController.GetAll (App)'
2024-07-08 00:04:56.025 +04:00  INF  Request finished HTTP/2 GET https://localhost:7095/api/admin/Author/GetAll - - - 200 - application/json;+charset=utf-8 25.1361ms
2024-07-08 00:06:04.141 +04:00  INF  Request starting HTTP/2 POST https://localhost:7095/api/admin/Book/Create application/json 146
2024-07-08 00:06:04.142 +04:00  INF  Executing endpoint 'App.Controllers.Admin.BookController.Create (App)'
2024-07-08 00:06:04.144 +04:00  INF  Route matched with {action = "Create", controller = "Book"}. Executing controller action with signature System.Threading.Tasks.Task`1[Microsoft.AspNetCore.Mvc.IActionResult] Create(Service.DTOs.Admin.Books.BookCreateDto) on controller App.Controllers.Admin.BookController (App).
2024-07-08 00:06:04.145 +04:00  INF  Entity Framework Core 6.0.31 initialized 'AppDbContext' using provider 'Microsoft.EntityFrameworkCore.SqlServer:6.0.31' with options: None
2024-07-08 00:06:04.171 +04:00  INF  Executed DbCommand (3ms) [Parameters=[@p0='?' (DbType = DateTime2), @p1='?' (Size = 1000), @p2='?' (Size = 30), @p3='?' (Size = 50), @p4='?' (DbType = Int32), @p5='?' (DbType = Boolean)], CommandType='"Text"', CommandTimeout='30']
SET NOCOUNT ON;
INSERT INTO [Books] ([CreatedDate], [Description], [Genre], [Name], [PageCount], [SoftDelete])
VALUES (@p0, @p1, @p2, @p3, @p4, @p5);
SELECT [Id]
FROM [Books]
WHERE @@ROWCOUNT = 1 AND [Id] = scope_identity();
2024-07-08 00:06:04.201 +04:00  INF  Executed DbCommand (3ms) [Parameters=[@p0='?' (DbType = Int32), @p1='?' (DbType = Int32), @p2='?' (DbType = DateTime2), @p3='?' (DbType = Boolean)], CommandType='"Text"', CommandTimeout='30']
SET NOCOUNT ON;
INSERT INTO [AuthorBooks] ([AuthorId], [BookId], [CreatedDate], [SoftDelete])
VALUES (@p0, @p1, @p2, @p3);
SELECT [Id]
FROM [AuthorBooks]
WHERE @@ROWCOUNT = 1 AND [Id] = scope_identity();
2024-07-08 00:06:04.205 +04:00  INF  Executing CreatedAtActionResult, writing value of type '<>f__AnonymousType0`1[[System.String, System.Private.CoreLib, Version=6.0.0.0, Culture=neutral, PublicKeyToken=7cec85d7bea7798e]]'.
2024-07-08 00:06:04.205 +04:00  INF  Executed action App.Controllers.Admin.BookController.Create (App) in 60.8516ms
2024-07-08 00:06:04.205 +04:00  INF  Executed endpoint 'App.Controllers.Admin.BookController.Create (App)'
2024-07-08 00:06:04.205 +04:00  INF  Request finished HTTP/2 POST https://localhost:7095/api/admin/Book/Create application/json 146 - 201 - application/json;+charset=utf-8 63.9996ms
2024-07-08 00:06:06.778 +04:00  INF  Request starting HTTP/2 POST https://localhost:7095/api/admin/Book/Create application/json 146
2024-07-08 00:06:06.779 +04:00  INF  Executing endpoint 'App.Controllers.Admin.BookController.Create (App)'
2024-07-08 00:06:06.779 +04:00  INF  Route matched with {action = "Create", controller = "Book"}. Executing controller action with signature System.Threading.Tasks.Task`1[Microsoft.AspNetCore.Mvc.IActionResult] Create(Service.DTOs.Admin.Books.BookCreateDto) on controller App.Controllers.Admin.BookController (App).
2024-07-08 00:06:06.779 +04:00  INF  Entity Framework Core 6.0.31 initialized 'AppDbContext' using provider 'Microsoft.EntityFrameworkCore.SqlServer:6.0.31' with options: None
2024-07-08 00:06:06.783 +04:00  INF  Executed DbCommand (0ms) [Parameters=[@p0='?' (DbType = DateTime2), @p1='?' (Size = 1000), @p2='?' (Size = 30), @p3='?' (Size = 50), @p4='?' (DbType = Int32), @p5='?' (DbType = Boolean)], CommandType='"Text"', CommandTimeout='30']
SET NOCOUNT ON;
INSERT INTO [Books] ([CreatedDate], [Description], [Genre], [Name], [PageCount], [SoftDelete])
VALUES (@p0, @p1, @p2, @p3, @p4, @p5);
SELECT [Id]
FROM [Books]
WHERE @@ROWCOUNT = 1 AND [Id] = scope_identity();
2024-07-08 00:06:06.786 +04:00  INF  Executed DbCommand (1ms) [Parameters=[@p0='?' (DbType = Int32), @p1='?' (DbType = Int32), @p2='?' (DbType = DateTime2), @p3='?' (DbType = Boolean)], CommandType='"Text"', CommandTimeout='30']
SET NOCOUNT ON;
INSERT INTO [AuthorBooks] ([AuthorId], [BookId], [CreatedDate], [SoftDelete])
VALUES (@p0, @p1, @p2, @p3);
SELECT [Id]
FROM [AuthorBooks]
WHERE @@ROWCOUNT = 1 AND [Id] = scope_identity();
2024-07-08 00:06:06.786 +04:00  INF  Executing CreatedAtActionResult, writing value of type '<>f__AnonymousType0`1[[System.String, System.Private.CoreLib, Version=6.0.0.0, Culture=neutral, PublicKeyToken=7cec85d7bea7798e]]'.
2024-07-08 00:06:06.786 +04:00  INF  Executed action App.Controllers.Admin.BookController.Create (App) in 7.2506ms
2024-07-08 00:06:06.786 +04:00  INF  Executed endpoint 'App.Controllers.Admin.BookController.Create (App)'
2024-07-08 00:06:06.786 +04:00  INF  Request finished HTTP/2 POST https://localhost:7095/api/admin/Book/Create application/json 146 - 201 - application/json;+charset=utf-8 8.8664ms
2024-07-08 00:07:23.060 +04:00  INF  Request starting HTTP/2 POST https://localhost:7095/api/admin/Book/Create application/json 157
2024-07-08 00:07:23.061 +04:00  INF  Executing endpoint 'App.Controllers.Admin.BookController.Create (App)'
2024-07-08 00:07:23.061 +04:00  INF  Route matched with {action = "Create", controller = "Book"}. Executing controller action with signature System.Threading.Tasks.Task`1[Microsoft.AspNetCore.Mvc.IActionResult] Create(Service.DTOs.Admin.Books.BookCreateDto) on controller App.Controllers.Admin.BookController (App).
2024-07-08 00:07:23.063 +04:00  INF  Entity Framework Core 6.0.31 initialized 'AppDbContext' using provider 'Microsoft.EntityFrameworkCore.SqlServer:6.0.31' with options: None
2024-07-08 00:07:23.067 +04:00  INF  Executed DbCommand (1ms) [Parameters=[@p0='?' (DbType = DateTime2), @p1='?' (Size = 1000), @p2='?' (Size = 30), @p3='?' (Size = 50), @p4='?' (DbType = Int32), @p5='?' (DbType = Boolean)], CommandType='"Text"', CommandTimeout='30']
SET NOCOUNT ON;
INSERT INTO [Books] ([CreatedDate], [Description], [Genre], [Name], [PageCount], [SoftDelete])
VALUES (@p0, @p1, @p2, @p3, @p4, @p5);
SELECT [Id]
FROM [Books]
WHERE @@ROWCOUNT = 1 AND [Id] = scope_identity();
2024-07-08 00:07:23.069 +04:00  INF  Executed DbCommand (0ms) [Parameters=[@p0='?' (DbType = Int32), @p1='?' (DbType = Int32), @p2='?' (DbType = DateTime2), @p3='?' (DbType = Boolean)], CommandType='"Text"', CommandTimeout='30']
SET NOCOUNT ON;
INSERT INTO [AuthorBooks] ([AuthorId], [BookId], [CreatedDate], [SoftDelete])
VALUES (@p0, @p1, @p2, @p3);
SELECT [Id]
FROM [AuthorBooks]
WHERE @@ROWCOUNT = 1 AND [Id] = scope_identity();
2024-07-08 00:07:23.070 +04:00  INF  Executed DbCommand (0ms) [Parameters=[@p0='?' (DbType = Int32), @p1='?' (DbType = Int32), @p2='?' (DbType = DateTime2), @p3='?' (DbType = Boolean)], CommandType='"Text"', CommandTimeout='30']
SET NOCOUNT ON;
INSERT INTO [AuthorBooks] ([AuthorId], [BookId], [CreatedDate], [SoftDelete])
VALUES (@p0, @p1, @p2, @p3);
SELECT [Id]
FROM [AuthorBooks]
WHERE @@ROWCOUNT = 1 AND [Id] = scope_identity();
2024-07-08 00:07:23.071 +04:00  INF  Executing CreatedAtActionResult, writing value of type '<>f__AnonymousType0`1[[System.String, System.Private.CoreLib, Version=6.0.0.0, Culture=neutral, PublicKeyToken=7cec85d7bea7798e]]'.
2024-07-08 00:07:23.071 +04:00  INF  Executed action App.Controllers.Admin.BookController.Create (App) in 10.0432ms
2024-07-08 00:07:23.071 +04:00  INF  Executed endpoint 'App.Controllers.Admin.BookController.Create (App)'
2024-07-08 00:07:23.071 +04:00  INF  Request finished HTTP/2 POST https://localhost:7095/api/admin/Book/Create application/json 157 - 201 - application/json;+charset=utf-8 11.1212ms
2024-07-08 00:07:51.746 +04:00  INF  Request starting HTTP/2 GET https://localhost:7095/api/admin/Book/GetAll - -
2024-07-08 00:07:51.746 +04:00  INF  Executing endpoint 'App.Controllers.Admin.BookController.GetAll (App)'
2024-07-08 00:07:51.750 +04:00  INF  Route matched with {action = "GetAll", controller = "Book"}. Executing controller action with signature System.Threading.Tasks.Task`1[Microsoft.AspNetCore.Mvc.IActionResult] GetAll() on controller App.Controllers.Admin.BookController (App).
2024-07-08 00:07:51.751 +04:00  INF  Entity Framework Core 6.0.31 initialized 'AppDbContext' using provider 'Microsoft.EntityFrameworkCore.SqlServer:6.0.31' with options: None
2024-07-08 00:07:51.818 +04:00  INF  Executed DbCommand (8ms) [Parameters=[], CommandType='"Text"', CommandTimeout='30']
SELECT [b].[Id], [b].[CreatedDate], [b].[Description], [b].[Genre], [b].[Name], [b].[PageCount], [b].[SoftDelete], [t].[Id], [t].[AuthorId], [t].[BookId], [t].[CreatedDate], [t].[SoftDelete], [t].[Id0], [t].[Age], [t].[Country], [t].[CreatedDate0], [t].[FullName], [t].[SoftDelete0]
FROM [Books] AS [b]
LEFT JOIN (
    SELECT [a].[Id], [a].[AuthorId], [a].[BookId], [a].[CreatedDate], [a].[SoftDelete], [a0].[Id] AS [Id0], [a0].[Age], [a0].[Country], [a0].[CreatedDate] AS [CreatedDate0], [a0].[FullName], [a0].[SoftDelete] AS [SoftDelete0]
    FROM [AuthorBooks] AS [a]
    INNER JOIN [Authors] AS [a0] ON [a].[AuthorId] = [a0].[Id]
) AS [t] ON [b].[Id] = [t].[BookId]
ORDER BY [b].[Id], [t].[Id]
2024-07-08 00:07:51.830 +04:00  INF  Executing OkObjectResult, writing value of type 'System.Collections.Generic.List`1[[Service.DTOs.Admin.Books.BookDto, Service, Version=1.0.0.0, Culture=neutral, PublicKeyToken=null]]'.
2024-07-08 00:07:51.832 +04:00  INF  Executed action App.Controllers.Admin.BookController.GetAll (App) in 82.5783ms
2024-07-08 00:07:51.833 +04:00  INF  Executed endpoint 'App.Controllers.Admin.BookController.GetAll (App)'
2024-07-08 00:07:51.833 +04:00  INF  Request finished HTTP/2 GET https://localhost:7095/api/admin/Book/GetAll - - - 200 - application/json;+charset=utf-8 87.1474ms
2024-07-08 00:09:14.993 +04:00  INF  User profile is available. Using 'C:\Users\Amirastan\AppData\Local\ASP.NET\DataProtection-Keys' as key repository and Windows DPAPI to encrypt keys at rest.
2024-07-08 00:09:15.123 +04:00  INF  Now listening on: https://localhost:7095
2024-07-08 00:09:15.123 +04:00  INF  Now listening on: http://localhost:5035
2024-07-08 00:09:15.126 +04:00  INF  Application started. Press Ctrl+C to shut down.
2024-07-08 00:09:15.127 +04:00  INF  Hosting environment: Development
2024-07-08 00:09:15.127 +04:00  INF  Content root path: C:\Users\Amirastan\Desktop\LoginApi_Hometask\CourseAppTask\App\
